<?xml version="1.0" encoding="UTF-8"?>
<!-- Generated by org.testng.reporters.JUnitReportReporter -->
<testsuite hostname="DESKTOP-UO91GLQ" failures="0" tests="2" name="com.vtiger.tests.LoginTest" time="18.992" errors="0" timestamp="2022-11-28T15:44:14 IST" skipped="0">
  <testcase classname="com.vtiger.tests.LoginTest" name="TC02_validlogin" time="16.211"/>
  <testcase classname="com.vtiger.tests.LoginTest" name="TC01_Invalidlogin" time="2.781"/>
</testsuite> <!-- com.vtiger.tests.LoginTest -->
