<?xml version="1.0" encoding="UTF-8"?>
<!-- Generated by org.testng.reporters.JUnitReportReporter -->
<testsuite hostname="DESKTOP-UO91GLQ" failures="0" tests="2" name="com.vtiger.tests.E2E_Test" time="18.121" errors="0" timestamp="2022-11-28T15:44:14 IST" skipped="0">
  <testcase classname="com.vtiger.tests.E2E_Test" name="TC10_varify_activitysave" time="4.721"/>
  <testcase classname="com.vtiger.tests.E2E_Test" name="TC08_varify_NewPotential_save" time="13.400"/>
</testsuite> <!-- com.vtiger.tests.E2E_Test -->
